2022-09-24 10:30:19.749 [main] INFO  com.url.eduservice.ServiceEduApp8001 - Starting ServiceEduApp8001 on URL with PID 22204 (D:\IdeaProjects\guli_edu\service\service_edu\target\classes started by URL in D:\IdeaProjects\guli_edu)
2022-09-24 10:30:19.764 [main] INFO  com.url.eduservice.ServiceEduApp8001 - The following profiles are active: dev
2022-09-24 10:30:23.093 [main] INFO  o.s.d.r.config.RepositoryConfigurationDelegate - Multiple Spring Data modules found, entering strict repository configuration mode!
2022-09-24 10:30:23.109 [main] INFO  o.s.d.r.config.RepositoryConfigurationDelegate - Bootstrapping Spring Data repositories in DEFAULT mode.
2022-09-24 10:30:23.224 [main] INFO  o.s.d.r.config.RepositoryConfigurationDelegate - Finished Spring Data repository scanning in 77ms. Found 0 repository interfaces.
2022-09-24 10:30:23.857 [main] INFO  o.s.c.s.PostProcessorRegistrationDelegate$BeanPostProcessorChecker - Bean 'org.springframework.transaction.annotation.ProxyTransactionManagementConfiguration' of type [org.springframework.transaction.annotation.ProxyTransactionManagementConfiguration] is not eligible for getting processed by all BeanPostProcessors (for example: not eligible for auto-proxying)
2022-09-24 10:30:24.543 [main] INFO  o.s.boot.web.embedded.tomcat.TomcatWebServer - Tomcat initialized with port(s): 8001 (http)
2022-09-24 10:30:24.593 [main] INFO  org.apache.coyote.http11.Http11NioProtocol - Initializing ProtocolHandler ["http-nio-8001"]
2022-09-24 10:30:24.593 [main] INFO  org.apache.catalina.core.StandardService - Starting service [Tomcat]
2022-09-24 10:30:24.593 [main] INFO  org.apache.catalina.core.StandardEngine - Starting Servlet engine: [Apache Tomcat/9.0.27]
2022-09-24 10:30:25.094 [main] INFO  o.a.c.core.ContainerBase.[Tomcat].[localhost].[/] - Initializing Spring embedded WebApplicationContext
2022-09-24 10:30:25.096 [main] INFO  org.springframework.web.context.ContextLoader - Root WebApplicationContext: initialization completed in 5194 ms
2022-09-24 10:30:25.488 [main] INFO  com.zaxxer.hikari.HikariDataSource - HikariPool-1 - Starting...
2022-09-24 10:30:25.796 [main] INFO  com.zaxxer.hikari.HikariDataSource - HikariPool-1 - Start completed.
2022-09-24 10:30:26.776 [main] INFO  s.d.s.w.PropertySourcedRequestMappingHandlerMapping - Mapped URL path [/v2/api-docs] onto method [springfox.documentation.swagger2.web.Swagger2Controller#getDocumentation(String, HttpServletRequest)]
2022-09-24 10:30:26.945 [main] INFO  o.s.scheduling.concurrent.ThreadPoolTaskExecutor - Initializing ExecutorService 'applicationTaskExecutor'
2022-09-24 10:30:27.832 [main] INFO  s.d.s.web.plugins.DocumentationPluginsBootstrapper - Context refreshed
2022-09-24 10:30:27.878 [main] INFO  s.d.s.web.plugins.DocumentationPluginsBootstrapper - Found 1 custom documentation plugin(s)
2022-09-24 10:30:27.947 [main] INFO  s.d.spring.web.scanners.ApiListingReferenceScanner - Scanning for api listing references
2022-09-24 10:30:28.195 [main] INFO  org.apache.coyote.http11.Http11NioProtocol - Starting ProtocolHandler ["http-nio-8001"]
2022-09-24 10:30:28.217 [main] INFO  o.s.boot.web.embedded.tomcat.TomcatWebServer - Tomcat started on port(s): 8001 (http) with context path ''
2022-09-24 10:30:28.217 [main] INFO  com.url.eduservice.ServiceEduApp8001 - Started ServiceEduApp8001 in 9.849 seconds (JVM running for 13.031)
2022-09-24 10:33:19.306 [http-nio-8001-exec-1] INFO  o.a.c.core.ContainerBase.[Tomcat].[localhost].[/] - Initializing Spring DispatcherServlet 'dispatcherServlet'
2022-09-24 10:33:19.306 [http-nio-8001-exec-1] INFO  org.springframework.web.servlet.DispatcherServlet - Initializing Servlet 'dispatcherServlet'
2022-09-24 10:33:19.321 [http-nio-8001-exec-1] INFO  org.springframework.web.servlet.DispatcherServlet - Completed initialization in 15 ms
2022-09-24 14:29:40.634 [main] INFO  com.url.eduservice.ServiceEduApp8001 - Starting ServiceEduApp8001 on URL with PID 1616 (D:\IdeaProjects\guli_edu\service\service_edu\target\classes started by URL in D:\IdeaProjects\guli_edu)
2022-09-24 14:29:40.638 [main] INFO  com.url.eduservice.ServiceEduApp8001 - The following profiles are active: dev
2022-09-24 14:29:41.938 [main] INFO  o.s.d.r.config.RepositoryConfigurationDelegate - Multiple Spring Data modules found, entering strict repository configuration mode!
2022-09-24 14:29:41.938 [main] INFO  o.s.d.r.config.RepositoryConfigurationDelegate - Bootstrapping Spring Data repositories in DEFAULT mode.
2022-09-24 14:29:41.979 [main] INFO  o.s.d.r.config.RepositoryConfigurationDelegate - Finished Spring Data repository scanning in 30ms. Found 0 repository interfaces.
2022-09-24 14:29:42.244 [main] INFO  o.s.c.s.PostProcessorRegistrationDelegate$BeanPostProcessorChecker - Bean 'org.springframework.transaction.annotation.ProxyTransactionManagementConfiguration' of type [org.springframework.transaction.annotation.ProxyTransactionManagementConfiguration] is not eligible for getting processed by all BeanPostProcessors (for example: not eligible for auto-proxying)
2022-09-24 14:29:42.483 [main] INFO  o.s.boot.web.embedded.tomcat.TomcatWebServer - Tomcat initialized with port(s): 8001 (http)
2022-09-24 14:29:42.491 [main] INFO  org.apache.coyote.http11.Http11NioProtocol - Initializing ProtocolHandler ["http-nio-8001"]
2022-09-24 14:29:42.491 [main] INFO  org.apache.catalina.core.StandardService - Starting service [Tomcat]
2022-09-24 14:29:42.491 [main] INFO  org.apache.catalina.core.StandardEngine - Starting Servlet engine: [Apache Tomcat/9.0.27]
2022-09-24 14:29:42.646 [main] INFO  o.a.c.core.ContainerBase.[Tomcat].[localhost].[/] - Initializing Spring embedded WebApplicationContext
2022-09-24 14:29:42.646 [main] INFO  org.springframework.web.context.ContextLoader - Root WebApplicationContext: initialization completed in 1955 ms
2022-09-24 14:29:42.894 [main] INFO  com.zaxxer.hikari.HikariDataSource - HikariPool-1 - Starting...
2022-09-24 14:29:43.078 [main] INFO  com.zaxxer.hikari.HikariDataSource - HikariPool-1 - Start completed.
2022-09-24 14:29:43.610 [main] INFO  s.d.s.w.PropertySourcedRequestMappingHandlerMapping - Mapped URL path [/v2/api-docs] onto method [springfox.documentation.swagger2.web.Swagger2Controller#getDocumentation(String, HttpServletRequest)]
2022-09-24 14:29:43.700 [main] INFO  o.s.scheduling.concurrent.ThreadPoolTaskExecutor - Initializing ExecutorService 'applicationTaskExecutor'
2022-09-24 14:29:44.108 [main] INFO  s.d.s.web.plugins.DocumentationPluginsBootstrapper - Context refreshed
2022-09-24 14:29:44.146 [main] INFO  s.d.s.web.plugins.DocumentationPluginsBootstrapper - Found 1 custom documentation plugin(s)
2022-09-24 14:29:44.175 [main] INFO  s.d.spring.web.scanners.ApiListingReferenceScanner - Scanning for api listing references
2022-09-24 14:29:44.363 [main] INFO  org.apache.coyote.http11.Http11NioProtocol - Starting ProtocolHandler ["http-nio-8001"]
2022-09-24 14:29:44.409 [main] INFO  o.s.boot.web.embedded.tomcat.TomcatWebServer - Tomcat started on port(s): 8001 (http) with context path ''
2022-09-24 14:29:44.409 [main] INFO  com.url.eduservice.ServiceEduApp8001 - Started ServiceEduApp8001 in 4.509 seconds (JVM running for 6.243)
2022-09-24 14:31:23.793 [http-nio-8001-exec-1] INFO  o.a.c.core.ContainerBase.[Tomcat].[localhost].[/] - Initializing Spring DispatcherServlet 'dispatcherServlet'
2022-09-24 14:31:23.793 [http-nio-8001-exec-1] INFO  org.springframework.web.servlet.DispatcherServlet - Initializing Servlet 'dispatcherServlet'
2022-09-24 14:31:23.798 [http-nio-8001-exec-1] INFO  org.springframework.web.servlet.DispatcherServlet - Completed initialization in 5 ms
2022-09-24 17:47:09.813 [main] INFO  com.url.eduservice.ServiceEduApp8001 - Starting ServiceEduApp8001 on URL with PID 23956 (D:\IdeaProjects\guli_edu\service\service_edu\target\classes started by URL in D:\IdeaProjects\guli_edu)
2022-09-24 17:47:09.817 [main] INFO  com.url.eduservice.ServiceEduApp8001 - The following profiles are active: dev
2022-09-24 17:47:10.846 [main] INFO  o.s.d.r.config.RepositoryConfigurationDelegate - Multiple Spring Data modules found, entering strict repository configuration mode!
2022-09-24 17:47:10.847 [main] INFO  o.s.d.r.config.RepositoryConfigurationDelegate - Bootstrapping Spring Data repositories in DEFAULT mode.
2022-09-24 17:47:10.889 [main] INFO  o.s.d.r.config.RepositoryConfigurationDelegate - Finished Spring Data repository scanning in 30ms. Found 0 repository interfaces.
2022-09-24 17:47:11.146 [main] INFO  o.s.c.s.PostProcessorRegistrationDelegate$BeanPostProcessorChecker - Bean 'org.springframework.transaction.annotation.ProxyTransactionManagementConfiguration' of type [org.springframework.transaction.annotation.ProxyTransactionManagementConfiguration] is not eligible for getting processed by all BeanPostProcessors (for example: not eligible for auto-proxying)
2022-09-24 17:47:11.395 [main] INFO  o.s.boot.web.embedded.tomcat.TomcatWebServer - Tomcat initialized with port(s): 8001 (http)
2022-09-24 17:47:11.404 [main] INFO  org.apache.coyote.http11.Http11NioProtocol - Initializing ProtocolHandler ["http-nio-8001"]
2022-09-24 17:47:11.404 [main] INFO  org.apache.catalina.core.StandardService - Starting service [Tomcat]
2022-09-24 17:47:11.404 [main] INFO  org.apache.catalina.core.StandardEngine - Starting Servlet engine: [Apache Tomcat/9.0.27]
2022-09-24 17:47:11.562 [main] INFO  o.a.c.core.ContainerBase.[Tomcat].[localhost].[/] - Initializing Spring embedded WebApplicationContext
2022-09-24 17:47:11.562 [main] INFO  org.springframework.web.context.ContextLoader - Root WebApplicationContext: initialization completed in 1687 ms
2022-09-24 17:47:11.727 [main] INFO  com.zaxxer.hikari.HikariDataSource - HikariPool-1 - Starting...
2022-09-24 17:47:11.862 [main] INFO  com.zaxxer.hikari.HikariDataSource - HikariPool-1 - Start completed.
2022-09-24 17:47:12.373 [main] INFO  s.d.s.w.PropertySourcedRequestMappingHandlerMapping - Mapped URL path [/v2/api-docs] onto method [springfox.documentation.swagger2.web.Swagger2Controller#getDocumentation(String, HttpServletRequest)]
2022-09-24 17:47:12.463 [main] INFO  o.s.scheduling.concurrent.ThreadPoolTaskExecutor - Initializing ExecutorService 'applicationTaskExecutor'
2022-09-24 17:47:12.844 [main] INFO  s.d.s.web.plugins.DocumentationPluginsBootstrapper - Context refreshed
2022-09-24 17:47:12.856 [main] INFO  s.d.s.web.plugins.DocumentationPluginsBootstrapper - Found 1 custom documentation plugin(s)
2022-09-24 17:47:12.884 [main] INFO  s.d.spring.web.scanners.ApiListingReferenceScanner - Scanning for api listing references
2022-09-24 17:47:13.051 [main] INFO  org.apache.coyote.http11.Http11NioProtocol - Starting ProtocolHandler ["http-nio-8001"]
2022-09-24 17:47:13.072 [main] INFO  o.s.boot.web.embedded.tomcat.TomcatWebServer - Tomcat started on port(s): 8001 (http) with context path ''
2022-09-24 17:47:13.075 [main] INFO  com.url.eduservice.ServiceEduApp8001 - Started ServiceEduApp8001 in 3.886 seconds (JVM running for 5.543)
2022-09-24 17:48:21.488 [http-nio-8001-exec-4] INFO  o.a.c.core.ContainerBase.[Tomcat].[localhost].[/] - Initializing Spring DispatcherServlet 'dispatcherServlet'
2022-09-24 17:48:21.489 [http-nio-8001-exec-4] INFO  org.springframework.web.servlet.DispatcherServlet - Initializing Servlet 'dispatcherServlet'
2022-09-24 17:48:21.494 [http-nio-8001-exec-4] INFO  org.springframework.web.servlet.DispatcherServlet - Completed initialization in 5 ms
2022-09-24 17:50:41.964 [main] INFO  com.url.eduservice.ServiceEduApp8001 - Starting ServiceEduApp8001 on URL with PID 2784 (D:\IdeaProjects\guli_edu\service\service_edu\target\classes started by URL in D:\IdeaProjects\guli_edu)
2022-09-24 17:50:41.969 [main] INFO  com.url.eduservice.ServiceEduApp8001 - The following profiles are active: dev
2022-09-24 17:50:42.885 [main] INFO  o.s.d.r.config.RepositoryConfigurationDelegate - Multiple Spring Data modules found, entering strict repository configuration mode!
2022-09-24 17:50:42.887 [main] INFO  o.s.d.r.config.RepositoryConfigurationDelegate - Bootstrapping Spring Data repositories in DEFAULT mode.
2022-09-24 17:50:42.930 [main] INFO  o.s.d.r.config.RepositoryConfigurationDelegate - Finished Spring Data repository scanning in 31ms. Found 0 repository interfaces.
2022-09-24 17:50:43.165 [main] INFO  o.s.c.s.PostProcessorRegistrationDelegate$BeanPostProcessorChecker - Bean 'org.springframework.transaction.annotation.ProxyTransactionManagementConfiguration' of type [org.springframework.transaction.annotation.ProxyTransactionManagementConfiguration] is not eligible for getting processed by all BeanPostProcessors (for example: not eligible for auto-proxying)
2022-09-24 17:50:43.397 [main] INFO  o.s.boot.web.embedded.tomcat.TomcatWebServer - Tomcat initialized with port(s): 8001 (http)
2022-09-24 17:50:43.405 [main] INFO  org.apache.coyote.http11.Http11NioProtocol - Initializing ProtocolHandler ["http-nio-8001"]
2022-09-24 17:50:43.405 [main] INFO  org.apache.catalina.core.StandardService - Starting service [Tomcat]
2022-09-24 17:50:43.406 [main] INFO  org.apache.catalina.core.StandardEngine - Starting Servlet engine: [Apache Tomcat/9.0.27]
2022-09-24 17:50:43.559 [main] INFO  o.a.c.core.ContainerBase.[Tomcat].[localhost].[/] - Initializing Spring embedded WebApplicationContext
2022-09-24 17:50:43.559 [main] INFO  org.springframework.web.context.ContextLoader - Root WebApplicationContext: initialization completed in 1537 ms
2022-09-24 17:50:43.735 [main] INFO  com.zaxxer.hikari.HikariDataSource - HikariPool-1 - Starting...
2022-09-24 17:50:43.873 [main] INFO  com.zaxxer.hikari.HikariDataSource - HikariPool-1 - Start completed.
2022-09-24 17:50:44.379 [main] INFO  s.d.s.w.PropertySourcedRequestMappingHandlerMapping - Mapped URL path [/v2/api-docs] onto method [springfox.documentation.swagger2.web.Swagger2Controller#getDocumentation(String, HttpServletRequest)]
2022-09-24 17:50:44.465 [main] INFO  o.s.scheduling.concurrent.ThreadPoolTaskExecutor - Initializing ExecutorService 'applicationTaskExecutor'
2022-09-24 17:50:44.843 [main] INFO  s.d.s.web.plugins.DocumentationPluginsBootstrapper - Context refreshed
2022-09-24 17:50:44.856 [main] INFO  s.d.s.web.plugins.DocumentationPluginsBootstrapper - Found 1 custom documentation plugin(s)
2022-09-24 17:50:44.889 [main] INFO  s.d.spring.web.scanners.ApiListingReferenceScanner - Scanning for api listing references
2022-09-24 17:50:45.059 [main] INFO  org.apache.coyote.http11.Http11NioProtocol - Starting ProtocolHandler ["http-nio-8001"]
2022-09-24 17:50:45.078 [main] INFO  o.s.boot.web.embedded.tomcat.TomcatWebServer - Tomcat started on port(s): 8001 (http) with context path ''
2022-09-24 17:50:45.081 [main] INFO  com.url.eduservice.ServiceEduApp8001 - Started ServiceEduApp8001 in 3.73 seconds (JVM running for 5.246)
2022-09-24 17:50:45.175 [http-nio-8001-exec-1] INFO  o.a.c.core.ContainerBase.[Tomcat].[localhost].[/] - Initializing Spring DispatcherServlet 'dispatcherServlet'
2022-09-24 17:50:45.175 [http-nio-8001-exec-1] INFO  org.springframework.web.servlet.DispatcherServlet - Initializing Servlet 'dispatcherServlet'
2022-09-24 17:50:45.180 [http-nio-8001-exec-1] INFO  org.springframework.web.servlet.DispatcherServlet - Completed initialization in 5 ms
2022-09-24 17:53:47.536 [main] INFO  com.url.eduservice.ServiceEduApp8001 - Starting ServiceEduApp8001 on URL with PID 22556 (D:\IdeaProjects\guli_edu\service\service_edu\target\classes started by URL in D:\IdeaProjects\guli_edu)
2022-09-24 17:53:47.539 [main] INFO  com.url.eduservice.ServiceEduApp8001 - The following profiles are active: dev
2022-09-24 17:53:48.544 [main] INFO  o.s.d.r.config.RepositoryConfigurationDelegate - Multiple Spring Data modules found, entering strict repository configuration mode!
2022-09-24 17:53:48.546 [main] INFO  o.s.d.r.config.RepositoryConfigurationDelegate - Bootstrapping Spring Data repositories in DEFAULT mode.
2022-09-24 17:53:48.594 [main] INFO  o.s.d.r.config.RepositoryConfigurationDelegate - Finished Spring Data repository scanning in 35ms. Found 0 repository interfaces.
2022-09-24 17:53:48.832 [main] INFO  o.s.c.s.PostProcessorRegistrationDelegate$BeanPostProcessorChecker - Bean 'org.springframework.transaction.annotation.ProxyTransactionManagementConfiguration' of type [org.springframework.transaction.annotation.ProxyTransactionManagementConfiguration] is not eligible for getting processed by all BeanPostProcessors (for example: not eligible for auto-proxying)
2022-09-24 17:53:49.051 [main] INFO  o.s.boot.web.embedded.tomcat.TomcatWebServer - Tomcat initialized with port(s): 8001 (http)
2022-09-24 17:53:49.060 [main] INFO  org.apache.coyote.http11.Http11NioProtocol - Initializing ProtocolHandler ["http-nio-8001"]
2022-09-24 17:53:49.060 [main] INFO  org.apache.catalina.core.StandardService - Starting service [Tomcat]
2022-09-24 17:53:49.060 [main] INFO  org.apache.catalina.core.StandardEngine - Starting Servlet engine: [Apache Tomcat/9.0.27]
2022-09-24 17:53:49.208 [main] INFO  o.a.c.core.ContainerBase.[Tomcat].[localhost].[/] - Initializing Spring embedded WebApplicationContext
2022-09-24 17:53:49.208 [main] INFO  org.springframework.web.context.ContextLoader - Root WebApplicationContext: initialization completed in 1614 ms
2022-09-24 17:53:49.371 [main] INFO  com.zaxxer.hikari.HikariDataSource - HikariPool-1 - Starting...
2022-09-24 17:53:49.504 [main] INFO  com.zaxxer.hikari.HikariDataSource - HikariPool-1 - Start completed.
2022-09-24 17:53:50.020 [main] INFO  s.d.s.w.PropertySourcedRequestMappingHandlerMapping - Mapped URL path [/v2/api-docs] onto method [springfox.documentation.swagger2.web.Swagger2Controller#getDocumentation(String, HttpServletRequest)]
2022-09-24 17:53:50.107 [main] INFO  o.s.scheduling.concurrent.ThreadPoolTaskExecutor - Initializing ExecutorService 'applicationTaskExecutor'
2022-09-24 17:53:50.478 [main] INFO  s.d.s.web.plugins.DocumentationPluginsBootstrapper - Context refreshed
2022-09-24 17:53:50.491 [main] INFO  s.d.s.web.plugins.DocumentationPluginsBootstrapper - Found 1 custom documentation plugin(s)
2022-09-24 17:53:50.521 [main] INFO  s.d.spring.web.scanners.ApiListingReferenceScanner - Scanning for api listing references
2022-09-24 17:53:50.681 [main] INFO  org.apache.coyote.http11.Http11NioProtocol - Starting ProtocolHandler ["http-nio-8001"]
2022-09-24 17:53:50.703 [main] INFO  o.s.boot.web.embedded.tomcat.TomcatWebServer - Tomcat started on port(s): 8001 (http) with context path ''
2022-09-24 17:53:50.705 [main] INFO  com.url.eduservice.ServiceEduApp8001 - Started ServiceEduApp8001 in 3.762 seconds (JVM running for 5.198)
2022-09-24 17:54:40.703 [main] INFO  com.url.eduservice.ServiceEduApp8001 - Starting ServiceEduApp8001 on URL with PID 792 (D:\IdeaProjects\guli_edu\service\service_edu\target\classes started by URL in D:\IdeaProjects\guli_edu)
2022-09-24 17:54:40.707 [main] INFO  com.url.eduservice.ServiceEduApp8001 - The following profiles are active: dev
2022-09-24 17:54:41.646 [main] INFO  o.s.d.r.config.RepositoryConfigurationDelegate - Multiple Spring Data modules found, entering strict repository configuration mode!
2022-09-24 17:54:41.649 [main] INFO  o.s.d.r.config.RepositoryConfigurationDelegate - Bootstrapping Spring Data repositories in DEFAULT mode.
2022-09-24 17:54:41.689 [main] INFO  o.s.d.r.config.RepositoryConfigurationDelegate - Finished Spring Data repository scanning in 30ms. Found 0 repository interfaces.
2022-09-24 17:54:41.921 [main] INFO  o.s.c.s.PostProcessorRegistrationDelegate$BeanPostProcessorChecker - Bean 'org.springframework.transaction.annotation.ProxyTransactionManagementConfiguration' of type [org.springframework.transaction.annotation.ProxyTransactionManagementConfiguration] is not eligible for getting processed by all BeanPostProcessors (for example: not eligible for auto-proxying)
2022-09-24 17:54:42.144 [main] INFO  o.s.boot.web.embedded.tomcat.TomcatWebServer - Tomcat initialized with port(s): 8001 (http)
2022-09-24 17:54:42.152 [main] INFO  org.apache.coyote.http11.Http11NioProtocol - Initializing ProtocolHandler ["http-nio-8001"]
2022-09-24 17:54:42.153 [main] INFO  org.apache.catalina.core.StandardService - Starting service [Tomcat]
2022-09-24 17:54:42.153 [main] INFO  org.apache.catalina.core.StandardEngine - Starting Servlet engine: [Apache Tomcat/9.0.27]
2022-09-24 17:54:42.301 [main] INFO  o.a.c.core.ContainerBase.[Tomcat].[localhost].[/] - Initializing Spring embedded WebApplicationContext
2022-09-24 17:54:42.301 [main] INFO  org.springframework.web.context.ContextLoader - Root WebApplicationContext: initialization completed in 1531 ms
2022-09-24 17:54:42.469 [main] INFO  com.zaxxer.hikari.HikariDataSource - HikariPool-1 - Starting...
2022-09-24 17:54:42.599 [main] INFO  com.zaxxer.hikari.HikariDataSource - HikariPool-1 - Start completed.
2022-09-24 17:54:43.091 [main] INFO  s.d.s.w.PropertySourcedRequestMappingHandlerMapping - Mapped URL path [/v2/api-docs] onto method [springfox.documentation.swagger2.web.Swagger2Controller#getDocumentation(String, HttpServletRequest)]
2022-09-24 17:54:43.176 [main] INFO  o.s.scheduling.concurrent.ThreadPoolTaskExecutor - Initializing ExecutorService 'applicationTaskExecutor'
2022-09-24 17:54:43.545 [main] INFO  s.d.s.web.plugins.DocumentationPluginsBootstrapper - Context refreshed
2022-09-24 17:54:43.559 [main] INFO  s.d.s.web.plugins.DocumentationPluginsBootstrapper - Found 1 custom documentation plugin(s)
2022-09-24 17:54:43.586 [main] INFO  s.d.spring.web.scanners.ApiListingReferenceScanner - Scanning for api listing references
2022-09-24 17:54:43.746 [main] INFO  org.apache.coyote.http11.Http11NioProtocol - Starting ProtocolHandler ["http-nio-8001"]
2022-09-24 17:54:43.766 [main] INFO  o.s.boot.web.embedded.tomcat.TomcatWebServer - Tomcat started on port(s): 8001 (http) with context path ''
2022-09-24 17:54:43.768 [main] INFO  com.url.eduservice.ServiceEduApp8001 - Started ServiceEduApp8001 in 3.667 seconds (JVM running for 5.17)
2022-09-24 18:09:07.107 [http-nio-8001-exec-2] INFO  o.a.c.core.ContainerBase.[Tomcat].[localhost].[/] - Initializing Spring DispatcherServlet 'dispatcherServlet'
2022-09-24 18:09:07.108 [http-nio-8001-exec-2] INFO  org.springframework.web.servlet.DispatcherServlet - Initializing Servlet 'dispatcherServlet'
2022-09-24 18:09:07.113 [http-nio-8001-exec-2] INFO  org.springframework.web.servlet.DispatcherServlet - Completed initialization in 5 ms
