2022-09-28 11:50:00.752 [main] INFO  com.url.eduservice.ServiceEduApp8001 - Starting ServiceEduApp8001 on URL with PID 11204 (D:\IdeaProjects\guli_edu\service\service_edu\target\classes started by URL in D:\IdeaProjects\guli_edu)
2022-09-28 11:50:00.767 [main] INFO  com.url.eduservice.ServiceEduApp8001 - The following profiles are active: dev
2022-09-28 11:50:01.575 [main] INFO  o.s.d.r.config.RepositoryConfigurationDelegate - Multiple Spring Data modules found, entering strict repository configuration mode!
2022-09-28 11:50:01.575 [main] INFO  o.s.d.r.config.RepositoryConfigurationDelegate - Bootstrapping Spring Data repositories in DEFAULT mode.
2022-09-28 11:50:01.605 [main] INFO  o.s.d.r.config.RepositoryConfigurationDelegate - Finished Spring Data repository scanning in 20ms. Found 0 repository interfaces.
2022-09-28 11:50:01.855 [main] INFO  o.s.c.s.PostProcessorRegistrationDelegate$BeanPostProcessorChecker - Bean 'org.springframework.transaction.annotation.ProxyTransactionManagementConfiguration' of type [org.springframework.transaction.annotation.ProxyTransactionManagementConfiguration] is not eligible for getting processed by all BeanPostProcessors (for example: not eligible for auto-proxying)
2022-09-28 11:50:02.087 [main] INFO  o.s.boot.web.embedded.tomcat.TomcatWebServer - Tomcat initialized with port(s): 8001 (http)
2022-09-28 11:50:02.102 [main] INFO  org.apache.coyote.http11.Http11NioProtocol - Initializing ProtocolHandler ["http-nio-8001"]
2022-09-28 11:50:02.102 [main] INFO  org.apache.catalina.core.StandardService - Starting service [Tomcat]
2022-09-28 11:50:02.102 [main] INFO  org.apache.catalina.core.StandardEngine - Starting Servlet engine: [Apache Tomcat/9.0.27]
2022-09-28 11:50:02.218 [main] INFO  o.a.c.core.ContainerBase.[Tomcat].[localhost].[/] - Initializing Spring embedded WebApplicationContext
2022-09-28 11:50:02.218 [main] INFO  org.springframework.web.context.ContextLoader - Root WebApplicationContext: initialization completed in 1404 ms
2022-09-28 11:50:02.387 [main] INFO  com.zaxxer.hikari.HikariDataSource - HikariPool-1 - Starting...
2022-09-28 11:50:02.541 [main] INFO  com.zaxxer.hikari.HikariDataSource - HikariPool-1 - Start completed.
2022-09-28 11:50:03.089 [main] INFO  s.d.s.w.PropertySourcedRequestMappingHandlerMapping - Mapped URL path [/v2/api-docs] onto method [springfox.documentation.swagger2.web.Swagger2Controller#getDocumentation(String, HttpServletRequest)]
2022-09-28 11:50:03.174 [main] INFO  o.s.scheduling.concurrent.ThreadPoolTaskExecutor - Initializing ExecutorService 'applicationTaskExecutor'
2022-09-28 11:50:03.529 [main] INFO  s.d.s.web.plugins.DocumentationPluginsBootstrapper - Context refreshed
2022-09-28 11:50:03.544 [main] INFO  s.d.s.web.plugins.DocumentationPluginsBootstrapper - Found 1 custom documentation plugin(s)
2022-09-28 11:50:03.576 [main] INFO  s.d.spring.web.scanners.ApiListingReferenceScanner - Scanning for api listing references
2022-09-28 11:50:03.791 [main] INFO  org.apache.coyote.http11.Http11NioProtocol - Starting ProtocolHandler ["http-nio-8001"]
2022-09-28 11:50:03.806 [main] INFO  o.s.boot.web.embedded.tomcat.TomcatWebServer - Tomcat started on port(s): 8001 (http) with context path ''
2022-09-28 11:50:03.806 [main] INFO  com.url.eduservice.ServiceEduApp8001 - Started ServiceEduApp8001 in 3.5 seconds (JVM running for 4.783)
2022-09-28 12:09:24.699 [main] INFO  com.url.eduservice.ServiceEduApp8001 - Starting ServiceEduApp8001 on URL with PID 9516 (D:\IdeaProjects\guli_edu\service\service_edu\target\classes started by URL in D:\IdeaProjects\guli_edu)
2022-09-28 12:09:24.699 [main] INFO  com.url.eduservice.ServiceEduApp8001 - The following profiles are active: dev
2022-09-28 12:09:25.764 [main] INFO  o.s.d.r.config.RepositoryConfigurationDelegate - Multiple Spring Data modules found, entering strict repository configuration mode!
2022-09-28 12:09:25.764 [main] INFO  o.s.d.r.config.RepositoryConfigurationDelegate - Bootstrapping Spring Data repositories in DEFAULT mode.
2022-09-28 12:09:25.801 [main] INFO  o.s.d.r.config.RepositoryConfigurationDelegate - Finished Spring Data repository scanning in 24ms. Found 0 repository interfaces.
2022-09-28 12:09:26.133 [main] INFO  o.s.c.s.PostProcessorRegistrationDelegate$BeanPostProcessorChecker - Bean 'org.springframework.transaction.annotation.ProxyTransactionManagementConfiguration' of type [org.springframework.transaction.annotation.ProxyTransactionManagementConfiguration] is not eligible for getting processed by all BeanPostProcessors (for example: not eligible for auto-proxying)
2022-09-28 12:09:26.403 [main] INFO  o.s.boot.web.embedded.tomcat.TomcatWebServer - Tomcat initialized with port(s): 8001 (http)
2022-09-28 12:09:26.419 [main] INFO  org.apache.coyote.http11.Http11NioProtocol - Initializing ProtocolHandler ["http-nio-8001"]
2022-09-28 12:09:26.419 [main] INFO  org.apache.catalina.core.StandardService - Starting service [Tomcat]
2022-09-28 12:09:26.419 [main] INFO  org.apache.catalina.core.StandardEngine - Starting Servlet engine: [Apache Tomcat/9.0.27]
2022-09-28 12:09:26.550 [main] INFO  o.a.c.core.ContainerBase.[Tomcat].[localhost].[/] - Initializing Spring embedded WebApplicationContext
2022-09-28 12:09:26.550 [main] INFO  org.springframework.web.context.ContextLoader - Root WebApplicationContext: initialization completed in 1804 ms
2022-09-28 12:09:26.751 [main] INFO  com.zaxxer.hikari.HikariDataSource - HikariPool-1 - Starting...
2022-09-28 12:09:26.965 [main] INFO  com.zaxxer.hikari.HikariDataSource - HikariPool-1 - Start completed.
2022-09-28 12:09:27.689 [main] INFO  s.d.s.w.PropertySourcedRequestMappingHandlerMapping - Mapped URL path [/v2/api-docs] onto method [springfox.documentation.swagger2.web.Swagger2Controller#getDocumentation(String, HttpServletRequest)]
2022-09-28 12:09:27.793 [main] INFO  o.s.scheduling.concurrent.ThreadPoolTaskExecutor - Initializing ExecutorService 'applicationTaskExecutor'
2022-09-28 12:09:28.240 [main] INFO  s.d.s.web.plugins.DocumentationPluginsBootstrapper - Context refreshed
2022-09-28 12:09:28.256 [main] INFO  s.d.s.web.plugins.DocumentationPluginsBootstrapper - Found 1 custom documentation plugin(s)
2022-09-28 12:09:28.294 [main] INFO  s.d.spring.web.scanners.ApiListingReferenceScanner - Scanning for api listing references
2022-09-28 12:09:28.595 [main] INFO  org.apache.coyote.http11.Http11NioProtocol - Starting ProtocolHandler ["http-nio-8001"]
2022-09-28 12:09:28.610 [main] INFO  o.s.boot.web.embedded.tomcat.TomcatWebServer - Tomcat started on port(s): 8001 (http) with context path ''
2022-09-28 12:09:28.610 [main] INFO  com.url.eduservice.ServiceEduApp8001 - Started ServiceEduApp8001 in 4.371 seconds (JVM running for 6.017)
2022-09-28 12:34:14.550 [main] INFO  com.url.eduservice.ServiceEduApp8001 - Starting ServiceEduApp8001 on URL with PID 14736 (D:\IdeaProjects\guli_edu\service\service_edu\target\classes started by URL in D:\IdeaProjects\guli_edu)
2022-09-28 12:34:14.550 [main] INFO  com.url.eduservice.ServiceEduApp8001 - The following profiles are active: dev
2022-09-28 12:34:15.452 [main] INFO  o.s.d.r.config.RepositoryConfigurationDelegate - Multiple Spring Data modules found, entering strict repository configuration mode!
2022-09-28 12:34:15.452 [main] INFO  o.s.d.r.config.RepositoryConfigurationDelegate - Bootstrapping Spring Data repositories in DEFAULT mode.
2022-09-28 12:34:15.490 [main] INFO  o.s.d.r.config.RepositoryConfigurationDelegate - Finished Spring Data repository scanning in 22ms. Found 0 repository interfaces.
2022-09-28 12:34:15.753 [main] INFO  o.s.c.s.PostProcessorRegistrationDelegate$BeanPostProcessorChecker - Bean 'org.springframework.transaction.annotation.ProxyTransactionManagementConfiguration' of type [org.springframework.transaction.annotation.ProxyTransactionManagementConfiguration] is not eligible for getting processed by all BeanPostProcessors (for example: not eligible for auto-proxying)
2022-09-28 12:34:16.007 [main] INFO  o.s.boot.web.embedded.tomcat.TomcatWebServer - Tomcat initialized with port(s): 8001 (http)
2022-09-28 12:34:16.007 [main] INFO  org.apache.coyote.http11.Http11NioProtocol - Initializing ProtocolHandler ["http-nio-8001"]
2022-09-28 12:34:16.007 [main] INFO  org.apache.catalina.core.StandardService - Starting service [Tomcat]
2022-09-28 12:34:16.007 [main] INFO  org.apache.catalina.core.StandardEngine - Starting Servlet engine: [Apache Tomcat/9.0.27]
2022-09-28 12:34:16.138 [main] INFO  o.a.c.core.ContainerBase.[Tomcat].[localhost].[/] - Initializing Spring embedded WebApplicationContext
2022-09-28 12:34:16.138 [main] INFO  org.springframework.web.context.ContextLoader - Root WebApplicationContext: initialization completed in 1551 ms
2022-09-28 12:34:16.338 [main] INFO  com.zaxxer.hikari.HikariDataSource - HikariPool-1 - Starting...
2022-09-28 12:34:16.508 [main] INFO  com.zaxxer.hikari.HikariDataSource - HikariPool-1 - Start completed.
2022-09-28 12:34:17.109 [main] INFO  s.d.s.w.PropertySourcedRequestMappingHandlerMapping - Mapped URL path [/v2/api-docs] onto method [springfox.documentation.swagger2.web.Swagger2Controller#getDocumentation(String, HttpServletRequest)]
2022-09-28 12:34:17.209 [main] INFO  o.s.scheduling.concurrent.ThreadPoolTaskExecutor - Initializing ExecutorService 'applicationTaskExecutor'
2022-09-28 12:34:17.626 [main] INFO  s.d.s.web.plugins.DocumentationPluginsBootstrapper - Context refreshed
2022-09-28 12:34:17.641 [main] INFO  s.d.s.web.plugins.DocumentationPluginsBootstrapper - Found 1 custom documentation plugin(s)
2022-09-28 12:34:17.679 [main] INFO  s.d.spring.web.scanners.ApiListingReferenceScanner - Scanning for api listing references
2022-09-28 12:34:17.911 [main] INFO  org.apache.coyote.http11.Http11NioProtocol - Starting ProtocolHandler ["http-nio-8001"]
2022-09-28 12:34:17.927 [main] INFO  o.s.boot.web.embedded.tomcat.TomcatWebServer - Tomcat started on port(s): 8001 (http) with context path ''
2022-09-28 12:34:17.942 [main] INFO  com.url.eduservice.ServiceEduApp8001 - Started ServiceEduApp8001 in 3.922 seconds (JVM running for 5.495)
2022-09-28 12:34:18.159 [http-nio-8001-exec-1] INFO  o.a.c.core.ContainerBase.[Tomcat].[localhost].[/] - Initializing Spring DispatcherServlet 'dispatcherServlet'
2022-09-28 12:34:18.159 [http-nio-8001-exec-1] INFO  org.springframework.web.servlet.DispatcherServlet - Initializing Servlet 'dispatcherServlet'
2022-09-28 12:34:18.174 [http-nio-8001-exec-1] INFO  org.springframework.web.servlet.DispatcherServlet - Completed initialization in 15 ms
