2022-09-25 13:25:33.042 [main] INFO  com.url.eduservice.ServiceEduApp8001 - Starting ServiceEduApp8001 on URL with PID 23248 (D:\IdeaProjects\guli_edu\service\service_edu\target\classes started by URL in D:\IdeaProjects\guli_edu)
2022-09-25 13:25:33.058 [main] INFO  com.url.eduservice.ServiceEduApp8001 - The following profiles are active: dev
2022-09-25 13:25:35.343 [main] INFO  o.s.d.r.config.RepositoryConfigurationDelegate - Multiple Spring Data modules found, entering strict repository configuration mode!
2022-09-25 13:25:35.353 [main] INFO  o.s.d.r.config.RepositoryConfigurationDelegate - Bootstrapping Spring Data repositories in DEFAULT mode.
2022-09-25 13:25:35.431 [main] INFO  o.s.d.r.config.RepositoryConfigurationDelegate - Finished Spring Data repository scanning in 54ms. Found 0 repository interfaces.
2022-09-25 13:25:35.983 [main] INFO  o.s.c.s.PostProcessorRegistrationDelegate$BeanPostProcessorChecker - Bean 'org.springframework.transaction.annotation.ProxyTransactionManagementConfiguration' of type [org.springframework.transaction.annotation.ProxyTransactionManagementConfiguration] is not eligible for getting processed by all BeanPostProcessors (for example: not eligible for auto-proxying)
2022-09-25 13:25:36.788 [main] INFO  o.s.boot.web.embedded.tomcat.TomcatWebServer - Tomcat initialized with port(s): 8001 (http)
2022-09-25 13:25:36.818 [main] INFO  org.apache.coyote.http11.Http11NioProtocol - Initializing ProtocolHandler ["http-nio-8001"]
2022-09-25 13:25:36.818 [main] INFO  org.apache.catalina.core.StandardService - Starting service [Tomcat]
2022-09-25 13:25:36.818 [main] INFO  org.apache.catalina.core.StandardEngine - Starting Servlet engine: [Apache Tomcat/9.0.27]
2022-09-25 13:25:37.049 [main] INFO  o.a.c.core.ContainerBase.[Tomcat].[localhost].[/] - Initializing Spring embedded WebApplicationContext
2022-09-25 13:25:37.049 [main] INFO  org.springframework.web.context.ContextLoader - Root WebApplicationContext: initialization completed in 3822 ms
2022-09-25 13:25:37.450 [main] INFO  com.zaxxer.hikari.HikariDataSource - HikariPool-1 - Starting...
2022-09-25 13:25:37.704 [main] INFO  com.zaxxer.hikari.HikariDataSource - HikariPool-1 - Start completed.
2022-09-25 13:25:39.274 [main] INFO  s.d.s.w.PropertySourcedRequestMappingHandlerMapping - Mapped URL path [/v2/api-docs] onto method [springfox.documentation.swagger2.web.Swagger2Controller#getDocumentation(String, HttpServletRequest)]
2022-09-25 13:25:39.578 [main] INFO  o.s.scheduling.concurrent.ThreadPoolTaskExecutor - Initializing ExecutorService 'applicationTaskExecutor'
2022-09-25 13:25:40.602 [main] INFO  s.d.s.web.plugins.DocumentationPluginsBootstrapper - Context refreshed
2022-09-25 13:25:40.656 [main] INFO  s.d.s.web.plugins.DocumentationPluginsBootstrapper - Found 1 custom documentation plugin(s)
2022-09-25 13:25:40.709 [main] INFO  s.d.spring.web.scanners.ApiListingReferenceScanner - Scanning for api listing references
2022-09-25 13:25:41.063 [main] INFO  org.apache.coyote.http11.Http11NioProtocol - Starting ProtocolHandler ["http-nio-8001"]
2022-09-25 13:25:41.101 [main] INFO  o.s.boot.web.embedded.tomcat.TomcatWebServer - Tomcat started on port(s): 8001 (http) with context path ''
2022-09-25 13:25:41.113 [main] INFO  com.url.eduservice.ServiceEduApp8001 - Started ServiceEduApp8001 in 8.966 seconds (JVM running for 11.623)
2022-09-25 13:38:47.363 [main] INFO  com.url.eduservice.ServiceEduApp8001 - Starting ServiceEduApp8001 on URL with PID 19312 (D:\IdeaProjects\guli_edu\service\service_edu\target\classes started by URL in D:\IdeaProjects\guli_edu)
2022-09-25 13:38:47.372 [main] INFO  com.url.eduservice.ServiceEduApp8001 - The following profiles are active: dev
2022-09-25 13:38:48.410 [main] INFO  o.s.d.r.config.RepositoryConfigurationDelegate - Multiple Spring Data modules found, entering strict repository configuration mode!
2022-09-25 13:38:48.420 [main] INFO  o.s.d.r.config.RepositoryConfigurationDelegate - Bootstrapping Spring Data repositories in DEFAULT mode.
2022-09-25 13:38:48.465 [main] INFO  o.s.d.r.config.RepositoryConfigurationDelegate - Finished Spring Data repository scanning in 36ms. Found 0 repository interfaces.
2022-09-25 13:38:48.730 [main] INFO  o.s.c.s.PostProcessorRegistrationDelegate$BeanPostProcessorChecker - Bean 'org.springframework.transaction.annotation.ProxyTransactionManagementConfiguration' of type [org.springframework.transaction.annotation.ProxyTransactionManagementConfiguration] is not eligible for getting processed by all BeanPostProcessors (for example: not eligible for auto-proxying)
2022-09-25 13:38:48.981 [main] INFO  o.s.boot.web.embedded.tomcat.TomcatWebServer - Tomcat initialized with port(s): 8001 (http)
2022-09-25 13:38:48.995 [main] INFO  org.apache.coyote.http11.Http11NioProtocol - Initializing ProtocolHandler ["http-nio-8001"]
2022-09-25 13:38:48.995 [main] INFO  org.apache.catalina.core.StandardService - Starting service [Tomcat]
2022-09-25 13:38:48.995 [main] INFO  org.apache.catalina.core.StandardEngine - Starting Servlet engine: [Apache Tomcat/9.0.27]
2022-09-25 13:38:49.160 [main] INFO  o.a.c.core.ContainerBase.[Tomcat].[localhost].[/] - Initializing Spring embedded WebApplicationContext
2022-09-25 13:38:49.160 [main] INFO  org.springframework.web.context.ContextLoader - Root WebApplicationContext: initialization completed in 1730 ms
2022-09-25 13:38:49.350 [main] INFO  com.zaxxer.hikari.HikariDataSource - HikariPool-1 - Starting...
2022-09-25 13:38:49.530 [main] INFO  com.zaxxer.hikari.HikariDataSource - HikariPool-1 - Start completed.
2022-09-25 13:38:50.234 [main] INFO  s.d.s.w.PropertySourcedRequestMappingHandlerMapping - Mapped URL path [/v2/api-docs] onto method [springfox.documentation.swagger2.web.Swagger2Controller#getDocumentation(String, HttpServletRequest)]
2022-09-25 13:38:50.360 [main] INFO  o.s.scheduling.concurrent.ThreadPoolTaskExecutor - Initializing ExecutorService 'applicationTaskExecutor'
2022-09-25 13:38:50.801 [main] INFO  s.d.s.web.plugins.DocumentationPluginsBootstrapper - Context refreshed
2022-09-25 13:38:50.817 [main] INFO  s.d.s.web.plugins.DocumentationPluginsBootstrapper - Found 1 custom documentation plugin(s)
2022-09-25 13:38:50.860 [main] INFO  s.d.spring.web.scanners.ApiListingReferenceScanner - Scanning for api listing references
2022-09-25 13:38:51.061 [main] INFO  org.apache.coyote.http11.Http11NioProtocol - Starting ProtocolHandler ["http-nio-8001"]
2022-09-25 13:38:51.092 [main] INFO  o.s.boot.web.embedded.tomcat.TomcatWebServer - Tomcat started on port(s): 8001 (http) with context path ''
2022-09-25 13:38:51.092 [main] INFO  com.url.eduservice.ServiceEduApp8001 - Started ServiceEduApp8001 in 4.536 seconds (JVM running for 6.387)
2022-09-25 13:47:05.624 [http-nio-8001-exec-1] INFO  o.a.c.core.ContainerBase.[Tomcat].[localhost].[/] - Initializing Spring DispatcherServlet 'dispatcherServlet'
2022-09-25 13:47:05.624 [http-nio-8001-exec-1] INFO  org.springframework.web.servlet.DispatcherServlet - Initializing Servlet 'dispatcherServlet'
2022-09-25 13:47:05.640 [http-nio-8001-exec-1] INFO  org.springframework.web.servlet.DispatcherServlet - Completed initialization in 16 ms
2022-09-25 22:32:56.302 [main] INFO  com.url.eduservice.ServiceEduApp8001 - Starting ServiceEduApp8001 on URL with PID 13856 (D:\IdeaProjects\guli_edu\service\service_edu\target\classes started by URL in D:\IdeaProjects\guli_edu)
2022-09-25 22:32:56.306 [main] INFO  com.url.eduservice.ServiceEduApp8001 - The following profiles are active: dev
2022-09-25 22:32:57.481 [main] INFO  o.s.d.r.config.RepositoryConfigurationDelegate - Multiple Spring Data modules found, entering strict repository configuration mode!
2022-09-25 22:32:57.484 [main] INFO  o.s.d.r.config.RepositoryConfigurationDelegate - Bootstrapping Spring Data repositories in DEFAULT mode.
2022-09-25 22:32:57.529 [main] INFO  o.s.d.r.config.RepositoryConfigurationDelegate - Finished Spring Data repository scanning in 34ms. Found 0 repository interfaces.
2022-09-25 22:32:57.792 [main] INFO  o.s.c.s.PostProcessorRegistrationDelegate$BeanPostProcessorChecker - Bean 'org.springframework.transaction.annotation.ProxyTransactionManagementConfiguration' of type [org.springframework.transaction.annotation.ProxyTransactionManagementConfiguration] is not eligible for getting processed by all BeanPostProcessors (for example: not eligible for auto-proxying)
2022-09-25 22:32:58.058 [main] INFO  o.s.boot.web.embedded.tomcat.TomcatWebServer - Tomcat initialized with port(s): 8001 (http)
2022-09-25 22:32:58.068 [main] INFO  org.apache.coyote.http11.Http11NioProtocol - Initializing ProtocolHandler ["http-nio-8001"]
2022-09-25 22:32:58.069 [main] INFO  org.apache.catalina.core.StandardService - Starting service [Tomcat]
2022-09-25 22:32:58.069 [main] INFO  org.apache.catalina.core.StandardEngine - Starting Servlet engine: [Apache Tomcat/9.0.27]
2022-09-25 22:32:58.248 [main] INFO  o.a.c.core.ContainerBase.[Tomcat].[localhost].[/] - Initializing Spring embedded WebApplicationContext
2022-09-25 22:32:58.249 [main] INFO  org.springframework.web.context.ContextLoader - Root WebApplicationContext: initialization completed in 1878 ms
2022-09-25 22:32:58.433 [main] INFO  com.zaxxer.hikari.HikariDataSource - HikariPool-1 - Starting...
2022-09-25 22:32:58.582 [main] INFO  com.zaxxer.hikari.HikariDataSource - HikariPool-1 - Start completed.
2022-09-25 22:32:59.155 [main] INFO  s.d.s.w.PropertySourcedRequestMappingHandlerMapping - Mapped URL path [/v2/api-docs] onto method [springfox.documentation.swagger2.web.Swagger2Controller#getDocumentation(String, HttpServletRequest)]
2022-09-25 22:32:59.250 [main] INFO  o.s.scheduling.concurrent.ThreadPoolTaskExecutor - Initializing ExecutorService 'applicationTaskExecutor'
2022-09-25 22:32:59.677 [main] INFO  s.d.s.web.plugins.DocumentationPluginsBootstrapper - Context refreshed
2022-09-25 22:32:59.693 [main] INFO  s.d.s.web.plugins.DocumentationPluginsBootstrapper - Found 1 custom documentation plugin(s)
2022-09-25 22:32:59.723 [main] INFO  s.d.spring.web.scanners.ApiListingReferenceScanner - Scanning for api listing references
2022-09-25 22:32:59.922 [main] INFO  org.apache.coyote.http11.Http11NioProtocol - Starting ProtocolHandler ["http-nio-8001"]
2022-09-25 22:32:59.942 [main] INFO  o.s.boot.web.embedded.tomcat.TomcatWebServer - Tomcat started on port(s): 8001 (http) with context path ''
2022-09-25 22:32:59.945 [main] INFO  com.url.eduservice.ServiceEduApp8001 - Started ServiceEduApp8001 in 4.357 seconds (JVM running for 6.151)
2022-09-25 22:33:00.455 [http-nio-8001-exec-1] INFO  o.a.c.core.ContainerBase.[Tomcat].[localhost].[/] - Initializing Spring DispatcherServlet 'dispatcherServlet'
2022-09-25 22:33:00.456 [http-nio-8001-exec-1] INFO  org.springframework.web.servlet.DispatcherServlet - Initializing Servlet 'dispatcherServlet'
2022-09-25 22:33:00.461 [http-nio-8001-exec-1] INFO  org.springframework.web.servlet.DispatcherServlet - Completed initialization in 5 ms
